12/03/2020 01:09:33 PM Starting new HTTP connection (1): newsapi.org:80
12/03/2020 01:09:33 PM http://newsapi.org:80 "GET /v2/everything?q=COVID-19&from=2020-12-02&sortBy=publishedAt&apiKey=898be6b28f7e491f8957f84757d6f50f HTTP/1.1" 200 None
12/03/2020 01:09:34 PM Starting new HTTP connection (1): api.openweathermap.org:80
12/03/2020 01:09:34 PM http://api.openweathermap.org:80 "GET /data/2.5/weather?q=Exeter&appid=1087bbad2250cccb333e0fa525221f78 HTTP/1.1" 200 478
12/03/2020 01:09:34 PM Starting new HTTP connection (1): newsapi.org:80
12/03/2020 01:09:34 PM http://newsapi.org:80 "GET /v2/everything?q=COVID-19&from=2020-12-02&sortBy=publishedAt&apiKey=898be6b28f7e491f8957f84757d6f50f HTTP/1.1" 200 None
12/03/2020 01:09:34 PM Adding job tentatively -- it will be properly scheduled when the scheduler starts
12/03/2020 01:09:34 PM Starting new HTTP connection (1): api.openweathermap.org:80
12/03/2020 01:09:34 PM http://api.openweathermap.org:80 "GET /data/2.5/weather?q=Exeter&appid=1087bbad2250cccb333e0fa525221f78 HTTP/1.1" 200 478
12/03/2020 01:09:34 PM Starting new HTTP connection (1): newsapi.org:80
12/03/2020 01:09:34 PM http://newsapi.org:80 "GET /v2/everything?q=COVID-19&from=2020-12-02&sortBy=publishedAt&apiKey=898be6b28f7e491f8957f84757d6f50f HTTP/1.1" 200 None
12/03/2020 01:09:34 PM Starting new HTTP connection (1): api.openweathermap.org:80
12/03/2020 01:09:34 PM http://api.openweathermap.org:80 "GET /data/2.5/weather?q=Exeter&appid=1087bbad2250cccb333e0fa525221f78 HTTP/1.1" 200 478
12/03/2020 01:09:34 PM Starting new HTTP connection (1): newsapi.org:80
12/03/2020 01:09:34 PM http://newsapi.org:80 "GET /v2/everything?q=COVID-19&from=2020-12-02&sortBy=publishedAt&apiKey=898be6b28f7e491f8957f84757d6f50f HTTP/1.1" 200 None
12/03/2020 01:09:34 PM Adding job tentatively -- it will be properly scheduled when the scheduler starts
12/03/2020 01:09:34 PM Adding job tentatively -- it will be properly scheduled when the scheduler starts
12/03/2020 01:09:34 PM Added job "trigger_alarm" to job store "default"
12/03/2020 01:09:34 PM Added job "schedule_notification" to job store "default"
12/03/2020 01:09:34 PM Added job "test_program" to job store "default"
12/03/2020 01:09:34 PM Scheduler started
12/03/2020 01:09:34 PM Looking for jobs to run
12/03/2020 01:09:34 PM Next wakeup is due at 2020-12-03 13:10:34.912727+00:00 (in 59.995072 seconds)
12/03/2020 01:09:34 PM ALL TESTS PASSED
12/03/2020 01:09:34 PM  * Running on http://127.0.0.1:5000/ (Press CTRL+C to quit)
